2025-11-02 18:18:23.750 INFO  [main] c.e.v.VehicleCollectorServiceApplicationKt - Starting VehicleCollectorServiceApplicationKt using Java 21.0.3 with PID 7852 (G:\javaProjects\vehicle-collector-service\target\classes started by matiej in G:\javaProjects\vehicle-collector-service)
2025-11-02 18:18:23.753 DEBUG [main] c.e.v.VehicleCollectorServiceApplicationKt - Running with Spring Boot v3.5.7, Spring v6.2.12
2025-11-02 18:18:23.754 INFO  [main] c.e.v.VehicleCollectorServiceApplicationKt - No active profile set, falling back to 1 default profile: "default"
2025-11-02 18:18:25.837 INFO  [main] o.s.d.r.c.RepositoryConfigurationDelegate - Bootstrapping Spring Data Reactive MongoDB repositories in DEFAULT mode.
2025-11-02 18:18:25.864 INFO  [main] o.s.d.r.c.RepositoryConfigurationDelegate - Finished Spring Data repository scanning in 16 ms. Found 0 Reactive MongoDB repository interfaces.
2025-11-02 18:18:26.512 WARN  [main] o.s.b.w.r.c.AnnotationConfigReactiveWebServerApplicationContext - Exception encountered during context initialization - cancelling refresh attempt: org.springframework.beans.factory.UnsatisfiedDependencyException: Error creating bean with name 'swaggerConfiguration' defined in file [G:\javaProjects\vehicle-collector-service\target\classes\com\emat\vehicle_collector_service\configuration\SwaggerConfiguration.class]: Unsatisfied dependency expressed through constructor parameter 0: No qualifying bean of type 'com.emat.vehicle_collector_service.configuration.AppData' available: expected at least 1 bean which qualifies as autowire candidate. Dependency annotations: {@org.springframework.beans.factory.annotation.Autowired(required=true)}
2025-11-02 18:18:26.535 INFO  [main] o.s.b.a.l.ConditionEvaluationReportLogger - 

Error starting ApplicationContext. To display the condition evaluation report re-run your application with 'debug' enabled.
2025-11-02 18:18:26.571 ERROR [main] o.s.b.d.LoggingFailureAnalysisReporter - 

***************************
APPLICATION FAILED TO START
***************************

Description:

Parameter 0 of constructor in com.emat.vehicle_collector_service.configuration.SwaggerConfiguration required a bean of type 'com.emat.vehicle_collector_service.configuration.AppData' that could not be found.

The injection point has the following annotations:
	- @org.springframework.beans.factory.annotation.Autowired(required=true)


Action:

Consider defining a bean of type 'com.emat.vehicle_collector_service.configuration.AppData' in your configuration.

2025-11-02 18:19:27.070 INFO  [main] c.e.v.VehicleCollectorServiceApplicationKt - Starting VehicleCollectorServiceApplicationKt using Java 21.0.3 with PID 1924 (G:\javaProjects\vehicle-collector-service\target\classes started by matiej in G:\javaProjects\vehicle-collector-service)
2025-11-02 18:19:27.072 DEBUG [main] c.e.v.VehicleCollectorServiceApplicationKt - Running with Spring Boot v3.5.7, Spring v6.2.12
2025-11-02 18:19:27.074 INFO  [main] c.e.v.VehicleCollectorServiceApplicationKt - The following 1 profile is active: "local"
2025-11-02 18:19:28.943 INFO  [main] o.s.d.r.c.RepositoryConfigurationDelegate - Bootstrapping Spring Data Reactive MongoDB repositories in DEFAULT mode.
2025-11-02 18:19:28.974 INFO  [main] o.s.d.r.c.RepositoryConfigurationDelegate - Finished Spring Data repository scanning in 18 ms. Found 0 Reactive MongoDB repository interfaces.
2025-11-02 18:19:29.476 WARN  [main] o.s.b.w.r.c.AnnotationConfigReactiveWebServerApplicationContext - Exception encountered during context initialization - cancelling refresh attempt: org.springframework.beans.factory.UnsatisfiedDependencyException: Error creating bean with name 'swaggerConfiguration' defined in file [G:\javaProjects\vehicle-collector-service\target\classes\com\emat\vehicle_collector_service\configuration\SwaggerConfiguration.class]: Unsatisfied dependency expressed through constructor parameter 0: No qualifying bean of type 'com.emat.vehicle_collector_service.configuration.AppData' available: expected at least 1 bean which qualifies as autowire candidate. Dependency annotations: {@org.springframework.beans.factory.annotation.Autowired(required=true)}
2025-11-02 18:19:29.494 INFO  [main] o.s.b.a.l.ConditionEvaluationReportLogger - 

Error starting ApplicationContext. To display the condition evaluation report re-run your application with 'debug' enabled.
2025-11-02 18:19:29.524 ERROR [main] o.s.b.d.LoggingFailureAnalysisReporter - 

***************************
APPLICATION FAILED TO START
***************************

Description:

Parameter 0 of constructor in com.emat.vehicle_collector_service.configuration.SwaggerConfiguration required a bean of type 'com.emat.vehicle_collector_service.configuration.AppData' that could not be found.

The injection point has the following annotations:
	- @org.springframework.beans.factory.annotation.Autowired(required=true)


Action:

Consider defining a bean of type 'com.emat.vehicle_collector_service.configuration.AppData' in your configuration.

2025-11-02 18:20:59.564 INFO  [main] c.e.v.VehicleCollectorServiceApplicationKt - Starting VehicleCollectorServiceApplicationKt using Java 21.0.3 with PID 1108 (G:\javaProjects\vehicle-collector-service\target\classes started by matiej in G:\javaProjects\vehicle-collector-service)
2025-11-02 18:20:59.566 DEBUG [main] c.e.v.VehicleCollectorServiceApplicationKt - Running with Spring Boot v3.5.7, Spring v6.2.12
2025-11-02 18:20:59.567 INFO  [main] c.e.v.VehicleCollectorServiceApplicationKt - The following 1 profile is active: "local"
2025-11-02 18:21:01.415 INFO  [main] o.s.d.r.c.RepositoryConfigurationDelegate - Bootstrapping Spring Data Reactive MongoDB repositories in DEFAULT mode.
2025-11-02 18:21:01.437 INFO  [main] o.s.d.r.c.RepositoryConfigurationDelegate - Finished Spring Data repository scanning in 14 ms. Found 0 Reactive MongoDB repository interfaces.
2025-11-02 18:21:02.007 WARN  [main] o.s.b.w.r.c.AnnotationConfigReactiveWebServerApplicationContext - Exception encountered during context initialization - cancelling refresh attempt: org.springframework.beans.factory.UnsatisfiedDependencyException: Error creating bean with name 'swaggerConfiguration' defined in file [G:\javaProjects\vehicle-collector-service\target\classes\com\emat\vehicle_collector_service\configuration\SwaggerConfiguration.class]: Unsatisfied dependency expressed through constructor parameter 0: Error creating bean with name 'appData': Injection of autowired dependencies failed
2025-11-02 18:21:02.021 INFO  [main] o.s.b.a.l.ConditionEvaluationReportLogger - 

Error starting ApplicationContext. To display the condition evaluation report re-run your application with 'debug' enabled.
2025-11-02 18:21:02.044 ERROR [main] o.s.boot.SpringApplication - Application run failed
org.springframework.beans.factory.UnsatisfiedDependencyException: Error creating bean with name 'swaggerConfiguration' defined in file [G:\javaProjects\vehicle-collector-service\target\classes\com\emat\vehicle_collector_service\configuration\SwaggerConfiguration.class]: Unsatisfied dependency expressed through constructor parameter 0: Error creating bean with name 'appData': Injection of autowired dependencies failed
	at org.springframework.beans.factory.support.ConstructorResolver.createArgumentArray(ConstructorResolver.java:804)
	at org.springframework.beans.factory.support.ConstructorResolver.autowireConstructor(ConstructorResolver.java:240)
	at org.springframework.beans.factory.support.AbstractAutowireCapableBeanFactory.autowireConstructor(AbstractAutowireCapableBeanFactory.java:1395)
	at org.springframework.beans.factory.support.AbstractAutowireCapableBeanFactory.createBeanInstance(AbstractAutowireCapableBeanFactory.java:1232)
	at org.springframework.beans.factory.support.AbstractAutowireCapableBeanFactory.doCreateBean(AbstractAutowireCapableBeanFactory.java:569)
	at org.springframework.beans.factory.support.AbstractAutowireCapableBeanFactory.createBean(AbstractAutowireCapableBeanFactory.java:529)
	at org.springframework.beans.factory.support.AbstractBeanFactory.lambda$doGetBean$0(AbstractBeanFactory.java:339)
	at org.springframework.beans.factory.support.DefaultSingletonBeanRegistry.getSingleton(DefaultSingletonBeanRegistry.java:373)
	at org.springframework.beans.factory.support.AbstractBeanFactory.doGetBean(AbstractBeanFactory.java:337)
	at org.springframework.beans.factory.support.AbstractBeanFactory.getBean(AbstractBeanFactory.java:202)
	at org.springframework.beans.factory.support.DefaultListableBeanFactory.instantiateSingleton(DefaultListableBeanFactory.java:1228)
	at org.springframework.beans.factory.support.DefaultListableBeanFactory.preInstantiateSingleton(DefaultListableBeanFactory.java:1194)
	at org.springframework.beans.factory.support.DefaultListableBeanFactory.preInstantiateSingletons(DefaultListableBeanFactory.java:1130)
	at org.springframework.context.support.AbstractApplicationContext.finishBeanFactoryInitialization(AbstractApplicationContext.java:990)
	at org.springframework.context.support.AbstractApplicationContext.refresh(AbstractApplicationContext.java:627)
	at org.springframework.boot.web.reactive.context.ReactiveWebServerApplicationContext.refresh(ReactiveWebServerApplicationContext.java:66)
	at org.springframework.boot.SpringApplication.refresh(SpringApplication.java:752)
	at org.springframework.boot.SpringApplication.refreshContext(SpringApplication.java:439)
	at org.springframework.boot.SpringApplication.run(SpringApplication.java:318)
	at org.springframework.boot.SpringApplication.run(SpringApplication.java:1361)
	at org.springframework.boot.SpringApplication.run(SpringApplication.java:1350)
	at com.emat.vehicle_collector_service.VehicleCollectorServiceApplicationKt.main(VehicleCollectorServiceApplication.kt:13)
Caused by: org.springframework.beans.factory.BeanCreationException: Error creating bean with name 'appData': Injection of autowired dependencies failed
	at org.springframework.beans.factory.annotation.AutowiredAnnotationBeanPostProcessor.postProcessProperties(AutowiredAnnotationBeanPostProcessor.java:515)
	at org.springframework.beans.factory.support.AbstractAutowireCapableBeanFactory.populateBean(AbstractAutowireCapableBeanFactory.java:1459)
	at org.springframework.beans.factory.support.AbstractAutowireCapableBeanFactory.doCreateBean(AbstractAutowireCapableBeanFactory.java:606)
	at org.springframework.beans.factory.support.AbstractAutowireCapableBeanFactory.createBean(AbstractAutowireCapableBeanFactory.java:529)
	at org.springframework.beans.factory.support.AbstractBeanFactory.lambda$doGetBean$0(AbstractBeanFactory.java:339)
	at org.springframework.beans.factory.support.DefaultSingletonBeanRegistry.getSingleton(DefaultSingletonBeanRegistry.java:373)
	at org.springframework.beans.factory.support.AbstractBeanFactory.doGetBean(AbstractBeanFactory.java:337)
	at org.springframework.beans.factory.support.AbstractBeanFactory.getBean(AbstractBeanFactory.java:202)
	at org.springframework.beans.factory.support.DefaultListableBeanFactory.doResolveDependency(DefaultListableBeanFactory.java:1708)
	at org.springframework.beans.factory.support.DefaultListableBeanFactory.resolveDependency(DefaultListableBeanFactory.java:1653)
	at org.springframework.beans.factory.support.ConstructorResolver.resolveAutowiredArgument(ConstructorResolver.java:913)
	at org.springframework.beans.factory.support.ConstructorResolver.createArgumentArray(ConstructorResolver.java:791)
	... 21 common frames omitted
Caused by: org.springframework.util.PlaceholderResolutionException: Could not resolve placeholder 'app.version' in value "${app.version}"
	at org.springframework.util.PlaceholderResolutionException.withValue(PlaceholderResolutionException.java:81)
	at org.springframework.util.PlaceholderParser$ParsedValue.resolve(PlaceholderParser.java:298)
	at org.springframework.util.PlaceholderParser.replacePlaceholders(PlaceholderParser.java:131)
	at org.springframework.util.PropertyPlaceholderHelper.replacePlaceholders(PropertyPlaceholderHelper.java:114)
	at org.springframework.core.env.AbstractPropertyResolver.doResolvePlaceholders(AbstractPropertyResolver.java:293)
	at org.springframework.core.env.AbstractPropertyResolver.resolveRequiredPlaceholders(AbstractPropertyResolver.java:264)
	at org.springframework.context.support.PropertySourcesPlaceholderConfigurer.lambda$processProperties$0(PropertySourcesPlaceholderConfigurer.java:186)
	at org.springframework.beans.factory.support.AbstractBeanFactory.resolveEmbeddedValue(AbstractBeanFactory.java:970)
	at org.springframework.beans.factory.support.DefaultListableBeanFactory.doResolveDependency(DefaultListableBeanFactory.java:1675)
	at org.springframework.beans.factory.support.DefaultListableBeanFactory.resolveDependency(DefaultListableBeanFactory.java:1653)
	at org.springframework.beans.factory.annotation.AutowiredAnnotationBeanPostProcessor$AutowiredFieldElement.resolveFieldValue(AutowiredAnnotationBeanPostProcessor.java:785)
	at org.springframework.beans.factory.annotation.AutowiredAnnotationBeanPostProcessor$AutowiredFieldElement.inject(AutowiredAnnotationBeanPostProcessor.java:768)
	at org.springframework.beans.factory.annotation.InjectionMetadata.inject(InjectionMetadata.java:146)
	at org.springframework.beans.factory.annotation.AutowiredAnnotationBeanPostProcessor.postProcessProperties(AutowiredAnnotationBeanPostProcessor.java:509)
	... 32 common frames omitted
2025-11-02 18:22:09.128 INFO  [main] c.e.v.VehicleCollectorServiceApplicationKt - Starting VehicleCollectorServiceApplicationKt using Java 21.0.3 with PID 17684 (G:\javaProjects\vehicle-collector-service\target\classes started by matiej in G:\javaProjects\vehicle-collector-service)
2025-11-02 18:22:09.131 DEBUG [main] c.e.v.VehicleCollectorServiceApplicationKt - Running with Spring Boot v3.5.7, Spring v6.2.12
2025-11-02 18:22:09.132 INFO  [main] c.e.v.VehicleCollectorServiceApplicationKt - The following 1 profile is active: "local"
2025-11-02 18:22:10.934 INFO  [main] o.s.d.r.c.RepositoryConfigurationDelegate - Bootstrapping Spring Data Reactive MongoDB repositories in DEFAULT mode.
2025-11-02 18:22:10.961 INFO  [main] o.s.d.r.c.RepositoryConfigurationDelegate - Finished Spring Data repository scanning in 17 ms. Found 0 Reactive MongoDB repository interfaces.
2025-11-02 18:22:12.586 INFO  [main] org.mongodb.driver.client - MongoClient with metadata {"driver": {"name": "mongo-java-driver|reactive-streams|spring-boot", "version": "5.5.2"}, "os": {"type": "Windows", "name": "Windows 10", "architecture": "amd64", "version": "10.0"}, "platform": "Java/Oracle Corporation/21.0.3+7-LTS-152"} created with settings MongoClientSettings{readPreference=primary, writeConcern=WriteConcern{w=null, wTimeout=null ms, journal=null}, retryWrites=true, retryReads=true, readConcern=ReadConcern{level=null}, credential=MongoCredential{mechanism=null, userName='admin', source='admin', password=<hidden>, mechanismProperties=<hidden>}, transportSettings=NettyTransportSettings{eventLoopGroup=io.netty.channel.nio.NioEventLoopGroup@3caa4d85, socketChannelClass=null, allocator=null, sslContext=null}, commandListeners=[io.micrometer.core.instrument.binder.mongodb.MongoMetricsCommandListener@356fa0d1], codecRegistry=ProvidersCodecRegistry{codecProviders=[ValueCodecProvider{}, BsonValueCodecProvider{}, DBRefCodecProvider{}, DBObjectCodecProvider{}, DocumentCodecProvider{}, CollectionCodecProvider{}, IterableCodecProvider{}, MapCodecProvider{}, GeoJsonCodecProvider{}, GridFSFileCodecProvider{}, Jsr310CodecProvider{}, JsonObjectCodecProvider{}, BsonCodecProvider{}, EnumCodecProvider{}, com.mongodb.client.model.mql.ExpressionCodecProvider@51508029, com.mongodb.Jep395RecordCodecProvider@5f20b6fe, com.mongodb.KotlinCodecProvider@31880efa]}, loggerSettings=LoggerSettings{maxDocumentLength=1000}, clusterSettings={hosts=[localhost:27019], srvServiceName=mongodb, mode=SINGLE, requiredClusterType=UNKNOWN, requiredReplicaSetName='null', serverSelector='null', clusterListeners='[]', serverSelectionTimeout='30000 ms', localThreshold='15 ms'}, socketSettings=SocketSettings{connectTimeoutMS=10000, readTimeoutMS=0, receiveBufferSize=0, proxySettings=ProxySettings{host=null, port=null, username=null, password=null}}, heartbeatSocketSettings=SocketSettings{connectTimeoutMS=10000, readTimeoutMS=10000, receiveBufferSize=0, proxySettings=ProxySettings{host=null, port=null, username=null, password=null}}, connectionPoolSettings=ConnectionPoolSettings{maxSize=100, minSize=0, maxWaitTimeMS=120000, maxConnectionLifeTimeMS=0, maxConnectionIdleTimeMS=0, maintenanceInitialDelayMS=0, maintenanceFrequencyMS=60000, connectionPoolListeners=[io.micrometer.core.instrument.binder.mongodb.MongoMetricsConnectionPoolListener@79295932], maxConnecting=2}, serverSettings=ServerSettings{heartbeatFrequencyMS=10000, minHeartbeatFrequencyMS=500, serverMonitoringMode=AUTO, serverListeners='[]', serverMonitorListeners='[]'}, sslSettings=SslSettings{enabled=false, invalidHostNameAllowed=false, context=null}, applicationName='null', compressorList=[], uuidRepresentation=JAVA_LEGACY, serverApi=null, autoEncryptionSettings=null, dnsClient=null, inetAddressResolver=null, contextProvider=null, timeoutMS=null}
2025-11-02 18:22:12.738 INFO  [cluster-ClusterId{value='69079344017d015ea8c20ec2', description='null'}-localhost:27019] org.mongodb.driver.cluster - Monitor thread successfully connected to server with description ServerDescription{address=localhost:27019, type=STANDALONE, cryptd=false, state=CONNECTED, ok=true, minWireVersion=0, maxWireVersion=17, maxDocumentSize=16777216, logicalSessionTimeoutMinutes=30, roundTripTimeNanos=74363500, minRoundTripTimeNanos=0}
2025-11-02 18:22:12.825 INFO  [main] o.s.b.a.e.web.EndpointLinksResolver - Exposing 1 endpoint beneath base path '/actuator'
2025-11-02 18:22:13.343 INFO  [main] o.s.b.w.e.netty.NettyWebServer - Netty started on port 8080 (http)
2025-11-02 18:22:13.359 INFO  [main] c.e.v.VehicleCollectorServiceApplicationKt - Started VehicleCollectorServiceApplicationKt in 5.103 seconds (process running for 5.605)
2025-11-02 18:35:06.531 INFO  [reactor-http-nio-6] o.s.api.AbstractOpenApiResource - Init duration for springdoc-openapi is: 393 ms
2025-11-02 18:36:11.931 INFO  [SpringApplicationShutdownHook] o.s.b.w.e.netty.GracefulShutdown - Commencing graceful shutdown. Waiting for active requests to complete
2025-11-02 18:36:11.934 INFO  [netty-shutdown] o.s.b.w.e.netty.GracefulShutdown - Graceful shutdown complete
2025-11-02 18:36:21.290 INFO  [main] c.e.v.VehicleCollectorServiceApplicationKt - Starting VehicleCollectorServiceApplicationKt using Java 21.0.3 with PID 7708 (G:\javaProjects\vehicle-collector-service\target\classes started by matiej in G:\javaProjects\vehicle-collector-service)
2025-11-02 18:36:21.291 DEBUG [main] c.e.v.VehicleCollectorServiceApplicationKt - Running with Spring Boot v3.5.7, Spring v6.2.12
2025-11-02 18:36:21.292 INFO  [main] c.e.v.VehicleCollectorServiceApplicationKt - The following 1 profile is active: "local"
2025-11-02 18:36:23.105 INFO  [main] o.s.d.r.c.RepositoryConfigurationDelegate - Bootstrapping Spring Data Reactive MongoDB repositories in DEFAULT mode.
2025-11-02 18:36:23.137 INFO  [main] o.s.d.r.c.RepositoryConfigurationDelegate - Finished Spring Data repository scanning in 18 ms. Found 0 Reactive MongoDB repository interfaces.
2025-11-02 18:36:24.720 INFO  [main] org.mongodb.driver.client - MongoClient with metadata {"driver": {"name": "mongo-java-driver|reactive-streams|spring-boot", "version": "5.5.2"}, "os": {"type": "Windows", "name": "Windows 10", "architecture": "amd64", "version": "10.0"}, "platform": "Java/Oracle Corporation/21.0.3+7-LTS-152"} created with settings MongoClientSettings{readPreference=primary, writeConcern=WriteConcern{w=null, wTimeout=null ms, journal=null}, retryWrites=true, retryReads=true, readConcern=ReadConcern{level=null}, credential=MongoCredential{mechanism=null, userName='admin', source='admin', password=<hidden>, mechanismProperties=<hidden>}, transportSettings=NettyTransportSettings{eventLoopGroup=io.netty.channel.nio.NioEventLoopGroup@7fc1fd31, socketChannelClass=null, allocator=null, sslContext=null}, commandListeners=[io.micrometer.core.instrument.binder.mongodb.MongoMetricsCommandListener@75a9cc24], codecRegistry=ProvidersCodecRegistry{codecProviders=[ValueCodecProvider{}, BsonValueCodecProvider{}, DBRefCodecProvider{}, DBObjectCodecProvider{}, DocumentCodecProvider{}, CollectionCodecProvider{}, IterableCodecProvider{}, MapCodecProvider{}, GeoJsonCodecProvider{}, GridFSFileCodecProvider{}, Jsr310CodecProvider{}, JsonObjectCodecProvider{}, BsonCodecProvider{}, EnumCodecProvider{}, com.mongodb.client.model.mql.ExpressionCodecProvider@4449a60b, com.mongodb.Jep395RecordCodecProvider@da5d5e1, com.mongodb.KotlinCodecProvider@7d7d8911]}, loggerSettings=LoggerSettings{maxDocumentLength=1000}, clusterSettings={hosts=[localhost:27019], srvServiceName=mongodb, mode=SINGLE, requiredClusterType=UNKNOWN, requiredReplicaSetName='null', serverSelector='null', clusterListeners='[]', serverSelectionTimeout='30000 ms', localThreshold='15 ms'}, socketSettings=SocketSettings{connectTimeoutMS=10000, readTimeoutMS=0, receiveBufferSize=0, proxySettings=ProxySettings{host=null, port=null, username=null, password=null}}, heartbeatSocketSettings=SocketSettings{connectTimeoutMS=10000, readTimeoutMS=10000, receiveBufferSize=0, proxySettings=ProxySettings{host=null, port=null, username=null, password=null}}, connectionPoolSettings=ConnectionPoolSettings{maxSize=100, minSize=0, maxWaitTimeMS=120000, maxConnectionLifeTimeMS=0, maxConnectionIdleTimeMS=0, maintenanceInitialDelayMS=0, maintenanceFrequencyMS=60000, connectionPoolListeners=[io.micrometer.core.instrument.binder.mongodb.MongoMetricsConnectionPoolListener@460eb276], maxConnecting=2}, serverSettings=ServerSettings{heartbeatFrequencyMS=10000, minHeartbeatFrequencyMS=500, serverMonitoringMode=AUTO, serverListeners='[]', serverMonitorListeners='[]'}, sslSettings=SslSettings{enabled=false, invalidHostNameAllowed=false, context=null}, applicationName='null', compressorList=[], uuidRepresentation=JAVA_LEGACY, serverApi=null, autoEncryptionSettings=null, dnsClient=null, inetAddressResolver=null, contextProvider=null, timeoutMS=null}
2025-11-02 18:36:24.858 INFO  [cluster-ClusterId{value='69079698d2d7ff9fc6a40f44', description='null'}-localhost:27019] org.mongodb.driver.cluster - Monitor thread successfully connected to server with description ServerDescription{address=localhost:27019, type=STANDALONE, cryptd=false, state=CONNECTED, ok=true, minWireVersion=0, maxWireVersion=17, maxDocumentSize=16777216, logicalSessionTimeoutMinutes=30, roundTripTimeNanos=84531300, minRoundTripTimeNanos=0}
2025-11-02 18:36:24.920 INFO  [main] o.s.b.a.e.web.EndpointLinksResolver - Exposing 1 endpoint beneath base path '/actuator'
2025-11-02 18:36:25.449 INFO  [main] o.s.b.w.e.netty.NettyWebServer - Netty started on port 8080 (http)
2025-11-02 18:36:25.463 INFO  [main] c.e.v.VehicleCollectorServiceApplicationKt - Started VehicleCollectorServiceApplicationKt in 5.053 seconds (process running for 5.628)
2025-11-02 18:36:33.098 INFO  [reactor-http-nio-2] o.s.api.AbstractOpenApiResource - Init duration for springdoc-openapi is: 379 ms
2025-11-02 18:36:52.182 INFO  [SpringApplicationShutdownHook] o.s.b.w.e.netty.GracefulShutdown - Commencing graceful shutdown. Waiting for active requests to complete
2025-11-02 18:36:52.186 INFO  [netty-shutdown] o.s.b.w.e.netty.GracefulShutdown - Graceful shutdown complete
